<?xml version="1.0" encoding="UTF-8"?>
<testng-results ignored="1" total="2" passed="1" failed="0" skipped="0">
  <reporter-output>
  </reporter-output>
  <suite started-at="2022-01-11T21:13:38 EST" name="Default suite" finished-at="2022-01-11T21:13:56 EST" duration-ms="18377">
    <groups>
    </groups>
    <test started-at="2022-01-11T21:13:38 EST" name="Default test" finished-at="2022-01-11T21:13:56 EST" duration-ms="18377">
      <class name="test1.OpenEMR">
        <test-method signature="createPatient()[pri:1, instance:test1.OpenEMR@618425b5]" started-at="2022-01-11T21:13:38 EST" name="createPatient" finished-at="2022-01-11T21:13:56 EST" duration-ms="18305" status="PASS">
          <reporter-output>
          </reporter-output>
        </test-method> <!-- createPatient -->
      </class> <!-- test1.OpenEMR -->
    </test> <!-- Default test -->
  </suite> <!-- Default suite -->
</testng-results>
